<?xml version="1.0" encoding="UTF-8"?>
<testng-results ignored="0" total="1" passed="1" failed="0" skipped="0">
  <reporter-output>
  </reporter-output>
  <suite started-at="2024-04-15T19:06:40 IST" name="Default suite" finished-at="2024-04-15T19:06:41 IST" duration-ms="716">
    <groups>
    </groups>
    <test started-at="2024-04-15T19:06:40 IST" name="Default test" finished-at="2024-04-15T19:06:41 IST" duration-ms="716">
      <class name="apachepoi.Excell">
        <test-method signature="operation()[pri:0, instance:apachepoi.Excell@4f209819]" started-at="2024-04-15T19:06:40 IST" name="operation" finished-at="2024-04-15T19:06:41 IST" duration-ms="682" status="PASS">
          <reporter-output>
          </reporter-output>
        </test-method> <!-- operation -->
      </class> <!-- apachepoi.Excell -->
    </test> <!-- Default test -->
  </suite> <!-- Default suite -->
</testng-results>
